#
# A fatal error has been detected by the Java Runtime Environment:
#
#  SIGSEGV (0xb) at pc=0xb49bfc95, pid=3817, tid=3077925696
#
# JRE version: 7.0_03-b04
# Java VM: Java HotSpot(TM) Server VM (22.1-b02 mixed mode linux-x86 )
# Problematic frame:
# J  com.sun.tools.javac.comp.Resolve.rawInstantiate(Lcom/sun/tools/javac/comp/Env;Lcom/sun/tools/javac/code/Type;Lcom/sun/tools/javac/code/Symbol;Lcom/sun/tools/javac/util/List;Lcom/sun/tools/javac/util/List;ZZLcom/sun/tools/javac/util/Warner;)Lcom/sun/tools/javac/code/Type;
#
# Failed to write core dump. Core dumps have been disabled. To enable core dumping, try "ulimit -c unlimited" before starting Java again
#
# If you would like to submit a bug report, please visit:
#   http://bugreport.sun.com/bugreport/crash.jsp
#

---------------  T H R E A D  ---------------

Current thread (0xb7604400):  JavaThread "main" [_thread_in_Java, id=3829, stack(0xb7706000,0xb7757000)]

siginfo:si_signo=SIGSEGV: si_errno=0, si_code=128 (), si_addr=0x00000000

Registers:
EAX=0x816d0268, EBX=0xb7754670, ECX=0x00000000, EDX=0xb45fb49a
ESP=0xb7754690, EBP=0x8223d660, ESI=0xb49698f4, EDI=0x00000000
EIP=0xb49bfc95, EFLAGS=0x00210246, CR2=0x00000004

Top of Stack: (sp=0xb7754690)
0xb7754690:   81e14828 00000000 b77546a8 b77546d4
0xb77546a0:   b45fb57b 00000000 81ef5118 81db3af0
0xb77546b0:   00000000 81ef5200 00000000 81f51670
0xb77546c0:   817a4818 81e14828 00000000 b7604400
0xb77546d0:   b77546f0 00000000 817a4b00 828f7858
0xb77546e0:   81ef5118 81ef4bb8 00000000 b49a7858
0xb77546f0:   81ef51e0 7dac4c08 a41a59f8 7dac0f90
0xb7754700:   00000000 81ef51a0 828f5898 00000000 

Instructions: (pc=0xb49bfc95)
0xb49bfc75:   90 b8 90 0f ac 7d e8 40 9c fa ff 8b 48 04 81 f9
0xb49bfc85:   00 1e f9 7c 0f 85 96 3b 00 00 0f b6 48 08 85 c9
0xb49bfc95:   0f 84 ed 07 00 00 b8 01 00 00 00 85 c0 0f 85 97
0xb49bfca5:   00 00 00 8b 5c 24 3c 8b 43 34 8b 4c 24 1c 8b 69 

Register to memory mapping:

EAX=0x816d0268 is an oop
java.lang.Boolean 
 - klass: 'java/lang/Boolean'
EBX=0xb7754670 is pointing into the stack for thread: 0xb7604400
ECX=0x00000000 is an unknown value
EDX=0xb45fb49a is an Interpreter codelet
return entry points  [0xb45fab00, 0xb45fc3a0]  6304 bytes
ESP=0xb7754690 is pointing into the stack for thread: 0xb7604400
EBP=0x8223d660 is an oop
com.sun.tools.javac.code.Types$5 
 - klass: 'com/sun/tools/javac/code/Types$5'
ESI=0xb49697c8 [CodeBlob (0xb49697c8)]
Framesize: 8
EDI=0x00000000 is an unknown value


Stack: [0xb7706000,0xb7757000],  sp=0xb7754690,  free space=313k
Native frames: (J=compiled Java code, j=interpreted, Vv=VM code, C=native code)
J  com.sun.tools.javac.comp.Resolve.rawInstantiate(Lcom/sun/tools/javac/comp/Env;Lcom/sun/tools/javac/code/Type;Lcom/sun/tools/javac/code/Symbol;Lcom/sun/tools/javac/util/List;Lcom/sun/tools/javac/util/List;ZZLcom/sun/tools/javac/util/Warner;)Lcom/sun/tools/javac/code/Type;


---------------  P R O C E S S  ---------------

Java Threads: ( => current thread )
  0x7b37e400 JavaThread "process reaper" daemon [_thread_blocked, id=3843, stack(0x7c61b000,0x7c62a000)]
  0x7c013400 JavaThread "Service Thread" daemon [_thread_blocked, id=3840, stack(0x7bbad000,0x7bbfe000)]
  0x7c011800 JavaThread "C2 CompilerThread1" daemon [_thread_in_native, id=3839, stack(0x7bbfe000,0x7bc7f000)]
  0x7c00f800 JavaThread "C2 CompilerThread0" daemon [_thread_in_native, id=3838, stack(0x7bc7f000,0x7bd00000)]
  0x7c00dc00 JavaThread "Signal Dispatcher" daemon [_thread_blocked, id=3837, stack(0x7c62e000,0x7c67f000)]
  0xb76d3c00 JavaThread "Finalizer" daemon [_thread_blocked, id=3836, stack(0x7c92e000,0x7c97f000)]
  0xb76d2000 JavaThread "Reference Handler" daemon [_thread_blocked, id=3835, stack(0x7c224000,0x7c275000)]
=>0xb7604400 JavaThread "main" [_thread_in_Java, id=3829, stack(0xb7706000,0xb7757000)]

Other Threads:
  0xb76cc800 VMThread [stack: 0x7c275000,0x7c2f6000] [id=3834]
  0x7c015400 WatcherThread [stack: 0x7bb2c000,0x7bbad000] [id=3841]

VM state:synchronizing (normal execution)

VM Mutex/Monitor currently owned by a thread:  ([mutex/lock_event])
[0xb7602910] Safepoint_lock - owner thread: 0xb76cc800
[0xb7602978] Threads_lock - owner thread: 0xb76cc800

Heap
 PSYoungGen      total 111680K, used 15681K [0xa3330000, 0xb2010000, 0xb4530000)
  eden space 100096K, 15% used [0xa3330000,0xa42805b0,0xa94f0000)
  from space 11584K, 0% used [0xa94f0000,0xa94f0000,0xaa040000)
  to   space 21184K, 0% used [0xb0b60000,0xb0b60000,0xb2010000)
 PSOldGen        total 57664K, used 26744K [0x80f30000, 0x84780000, 0xa3330000)
  object space 57664K, 46% used [0x80f30000,0x8294e378,0x84780000)
 PSPermGen       total 27904K, used 13937K [0x7cf30000, 0x7ea70000, 0x80f30000)
  object space 27904K, 49% used [0x7cf30000,0x7dccc7b8,0x7ea70000)

Code Cache  [0xb45f8000, 0xb49e0000, 0xb75f8000)
 total_blobs=1177 nmethods=1042 adapters=87 free_code_cache=45236Kb largest_free_block=46259072

Dynamic libraries:
001fc000-00225000 r-xp 00000000 fd:01 6486       /lib/libm-2.14.90.so
00225000-00226000 r--p 00028000 fd:01 6486       /lib/libm-2.14.90.so
00226000-00227000 rw-p 00029000 fd:01 6486       /lib/libm-2.14.90.so
00227000-00233000 r-xp 00000000 fd:01 527721     /usr/lib/jvm/jdk1.7.0/jre/lib/i386/libverify.so
00233000-00234000 rw-p 0000c000 fd:01 527721     /usr/lib/jvm/jdk1.7.0/jre/lib/i386/libverify.so
00234000-00257000 r-xp 00000000 fd:01 527754     /usr/lib/jvm/jdk1.7.0/jre/lib/i386/libjava.so
00257000-00258000 rw-p 00023000 fd:01 527754     /usr/lib/jvm/jdk1.7.0/jre/lib/i386/libjava.so
00258000-00263000 r-xp 00000000 fd:01 8331       /lib/libnss_files-2.14.90.so
00263000-00264000 r--p 0000a000 fd:01 8331       /lib/libnss_files-2.14.90.so
00264000-00265000 rw-p 0000b000 fd:01 8331       /lib/libnss_files-2.14.90.so
00265000-00273000 r-xp 00000000 fd:01 527755     /usr/lib/jvm/jdk1.7.0/jre/lib/i386/libnio.so
00273000-00274000 rw-p 0000e000 fd:01 527755     /usr/lib/jvm/jdk1.7.0/jre/lib/i386/libnio.so
00274000-00288000 r-xp 00000000 fd:01 527753     /usr/lib/jvm/jdk1.7.0/jre/lib/i386/libnet.so
00288000-00289000 rw-p 00014000 fd:01 527753     /usr/lib/jvm/jdk1.7.0/jre/lib/i386/libnet.so
002ac000-002ad000 r-xp 00000000 00:00 0          [vdso]
002de000-002f5000 r-xp 00000000 fd:01 527732     /usr/lib/jvm/jdk1.7.0/jre/lib/i386/libzip.so
002f5000-002f6000 rw-p 00017000 fd:01 527732     /usr/lib/jvm/jdk1.7.0/jre/lib/i386/libzip.so
003c5000-00b33000 r-xp 00000000 fd:01 527762     /usr/lib/jvm/jdk1.7.0/jre/lib/i386/server/libjvm.so
00b33000-00b82000 rw-p 0076d000 fd:01 527762     /usr/lib/jvm/jdk1.7.0/jre/lib/i386/server/libjvm.so
00b82000-00fa1000 rw-p 00000000 00:00 0 
08048000-08049000 r-xp 00000000 fd:01 262479     /usr/lib/jvm/jdk1.7.0/bin/java
08049000-0804a000 rw-p 00000000 fd:01 262479     /usr/lib/jvm/jdk1.7.0/bin/java
08265000-082dc000 rw-p 00000000 00:00 0          [heap]
448ed000-4490e000 r-xp 00000000 fd:01 5772       /lib/ld-2.14.90.so
4490e000-4490f000 r--p 00020000 fd:01 5772       /lib/ld-2.14.90.so
4490f000-44910000 rw-p 00021000 fd:01 5772       /lib/ld-2.14.90.so
44912000-44ab9000 r-xp 00000000 fd:01 6175       /lib/libc-2.14.90.so
44ab9000-44aba000 ---p 001a7000 fd:01 6175       /lib/libc-2.14.90.so
44aba000-44abc000 r--p 001a7000 fd:01 6175       /lib/libc-2.14.90.so
44abc000-44abd000 rw-p 001a9000 fd:01 6175       /lib/libc-2.14.90.so
44abd000-44ac0000 rw-p 00000000 00:00 0 
44ac2000-44ad9000 r-xp 00000000 fd:01 7613       /lib/libpthread-2.14.90.so
44ad9000-44ada000 r--p 00016000 fd:01 7613       /lib/libpthread-2.14.90.so
44ada000-44adb000 rw-p 00017000 fd:01 7613       /lib/libpthread-2.14.90.so
44adb000-44add000 rw-p 00000000 00:00 0 
44adf000-44af2000 r-xp 00000000 fd:01 540051     /usr/lib/jvm/jdk1.7.0/jre/lib/i386/jli/libjli.so
44af2000-44af3000 rw-p 00012000 fd:01 540051     /usr/lib/jvm/jdk1.7.0/jre/lib/i386/jli/libjli.so
44b0c000-44b0f000 r-xp 00000000 fd:01 8243       /lib/libdl-2.14.90.so
44b0f000-44b10000 r--p 00002000 fd:01 8243       /lib/libdl-2.14.90.so
44b10000-44b11000 rw-p 00003000 fd:01 8243       /lib/libdl-2.14.90.so
44b13000-44b1b000 r-xp 00000000 fd:01 8245       /lib/librt-2.14.90.so
44b1b000-44b1c000 r--p 00007000 fd:01 8245       /lib/librt-2.14.90.so
44b1c000-44b1d000 rw-p 00008000 fd:01 8245       /lib/librt-2.14.90.so
79a00000-79afa000 rw-p 00000000 00:00 0 
79afa000-79b00000 ---p 00000000 00:00 0 
79d00000-79da6000 rw-p 00000000 00:00 0 
79da6000-79e00000 ---p 00000000 00:00 0 
79f00000-7a000000 rw-p 00000000 00:00 0 
7a100000-7a1fd000 rw-p 00000000 00:00 0 
7a1fd000-7a200000 ---p 00000000 00:00 0 
7a300000-7a3fe000 rw-p 00000000 00:00 0 
7a3fe000-7a400000 ---p 00000000 00:00 0 
7a400000-7a4c6000 rw-p 00000000 00:00 0 
7a4c6000-7a500000 ---p 00000000 00:00 0 
7a500000-7a5ff000 rw-p 00000000 00:00 0 
7a5ff000-7a600000 ---p 00000000 00:00 0 
7a600000-7a700000 rw-p 00000000 00:00 0 
7a700000-7a7e1000 rw-p 00000000 00:00 0 
7a7e1000-7a800000 ---p 00000000 00:00 0 
7a800000-7a8e9000 rw-p 00000000 00:00 0 
7a8e9000-7a900000 ---p 00000000 00:00 0 
7a900000-7a9ff000 rw-p 00000000 00:00 0 
7a9ff000-7aa00000 ---p 00000000 00:00 0 
7aa00000-7aaff000 rw-p 00000000 00:00 0 
7aaff000-7ab00000 ---p 00000000 00:00 0 
7ab00000-7abfe000 rw-p 00000000 00:00 0 
7abfe000-7ac00000 ---p 00000000 00:00 0 
7ad00000-7adfa000 rw-p 00000000 00:00 0 
7adfa000-7ae00000 ---p 00000000 00:00 0 
7ae00000-7aefc000 rw-p 00000000 00:00 0 
7aefc000-7af00000 ---p 00000000 00:00 0 
7af00000-7afff000 rw-p 00000000 00:00 0 
7afff000-7b000000 ---p 00000000 00:00 0 
7b000000-7b0fe000 rw-p 00000000 00:00 0 
7b0fe000-7b100000 ---p 00000000 00:00 0 
7b100000-7b1fd000 rw-p 00000000 00:00 0 
7b1fd000-7b200000 ---p 00000000 00:00 0 
7b296000-7b300000 r--s 00e07000 fd:01 265907     /usr/lib/jvm/jdk1.7.0/lib/tools.jar
7b300000-7b3fd000 rw-p 00000000 00:00 0 
7b3fd000-7b400000 ---p 00000000 00:00 0 
7b400000-7b4ff000 rw-p 00000000 00:00 0 
7b4ff000-7b500000 ---p 00000000 00:00 0 
7b500000-7b5ff000 rw-p 00000000 00:00 0 
7b5ff000-7b600000 ---p 00000000 00:00 0 
7b600000-7b700000 rw-p 00000000 00:00 0 
7b700000-7b7ff000 rw-p 00000000 00:00 0 
7b7ff000-7b800000 ---p 00000000 00:00 0 
7b800000-7b8fa000 rw-p 00000000 00:00 0 
7b8fa000-7b900000 ---p 00000000 00:00 0 
7b900000-7b9f9000 rw-p 00000000 00:00 0 
7b9f9000-7ba00000 ---p 00000000 00:00 0 
7ba00000-7baff000 rw-p 00000000 00:00 0 
7baff000-7bb00000 ---p 00000000 00:00 0 
7bb2c000-7bb2d000 ---p 00000000 00:00 0 
7bb2d000-7bbad000 rw-p 00000000 00:00 0 
7bbad000-7bbb0000 ---p 00000000 00:00 0 
7bbb0000-7bbfe000 rw-p 00000000 00:00 0 
7bbfe000-7bc01000 ---p 00000000 00:00 0 
7bc01000-7bc7f000 rw-p 00000000 00:00 0 
7bc7f000-7bc82000 ---p 00000000 00:00 0 
7bc82000-7bd00000 rw-p 00000000 00:00 0 
7bd00000-7bf00000 r--p 00000000 fd:01 165002     /usr/lib/locale/locale-archive
7bf00000-7bf21000 rw-p 00000000 00:00 0 
7bf21000-7c000000 ---p 00000000 00:00 0 
7c000000-7c100000 rw-p 00000000 00:00 0 
7c100000-7c1fe000 rw-p 00000000 00:00 0 
7c1fe000-7c200000 ---p 00000000 00:00 0 
7c222000-7c224000 r--s 00002000 fd:02 14418255   /home/whirlwin/.m2/repository/org/codehaus/plexus/plexus-compiler-javac/1.8.1/plexus-compiler-javac-1.8.1.jar
7c224000-7c227000 ---p 00000000 00:00 0 
7c227000-7c275000 rw-p 00000000 00:00 0 
7c275000-7c276000 ---p 00000000 00:00 0 
7c276000-7c341000 rw-p 00000000 00:00 0 
7c341000-7c500000 r--s 03a09000 fd:01 527557     /usr/lib/jvm/jdk1.7.0/jre/lib/rt.jar
7c500000-7c5ff000 rw-p 00000000 00:00 0 
7c5ff000-7c600000 ---p 00000000 00:00 0 
7c601000-7c603000 r--s 00000000 fd:02 14418254   /home/whirlwin/.m2/repository/org/codehaus/plexus/plexus-compiler-manager/1.8.1/plexus-compiler-manager-1.8.1.jar
7c603000-7c604000 r--s 00004000 fd:02 14418253   /home/whirlwin/.m2/repository/org/codehaus/plexus/plexus-compiler-api/1.8.1/plexus-compiler-api-1.8.1.jar
7c604000-7c606000 r--s 00006000 fd:02 14288068   /home/whirlwin/.m2/repository/org/apache/maven/plugins/maven-compiler-plugin/2.3.2/maven-compiler-plugin-2.3.2.jar
7c606000-7c608000 r--s 0000d000 fd:02 14418326   /home/whirlwin/.m2/repository/org/codehaus/plexus/plexus-interpolation/1.13/plexus-interpolation-1.13.jar
7c608000-7c609000 r--s 00001000 fd:02 14418325   /home/whirlwin/.m2/repository/org/sonatype/plexus/plexus-build-api/0.0.4/plexus-build-api-0.0.4.jar
7c609000-7c60b000 r--s 00009000 fd:02 14418324   /home/whirlwin/.m2/repository/org/apache/maven/shared/maven-filtering/1.0/maven-filtering-1.0.jar
7c60b000-7c60e000 r--s 0001b000 fd:02 14287941   /home/whirlwin/.m2/repository/junit/junit/3.8.1/junit-3.8.1.jar
7c60e000-7c610000 r--s 00002000 fd:02 14418323   /home/whirlwin/.m2/repository/org/codehaus/plexus/plexus-interactivity-api/1.0-alpha-4/plexus-interactivity-api-1.0-alpha-4.jar
7c610000-7c612000 r--s 00006000 fd:02 14418322   /home/whirlwin/.m2/repository/commons-cli/commons-cli/1.0/commons-cli-1.0.jar
7c612000-7c613000 r--s 00001000 fd:02 14418321   /home/whirlwin/.m2/repository/org/apache/maven/doxia/doxia-sink-api/1.0-alpha-7/doxia-sink-api-1.0-alpha-7.jar
7c613000-7c614000 r--s 00002000 fd:02 14418320   /home/whirlwin/.m2/repository/org/apache/maven/reporting/maven-reporting-api/2.0.6/maven-reporting-api-2.0.6.jar
7c614000-7c616000 r--s 00005000 fd:02 14288000   /home/whirlwin/.m2/repository/org/apache/maven/plugins/maven-resources-plugin/2.5/maven-resources-plugin-2.5.jar
7c616000-7c61a000 r--s 00033000 fd:02 14288348   /home/whirlwin/.m2/repository/org/codehaus/plexus/plexus-utils/2.0.5/plexus-utils-2.0.5.jar
7c61a000-7c61b000 r--s 00005000 fd:02 14419076   /home/whirlwin/.m2/repository/org/apache/maven/plugins/maven-clean-plugin/2.4.1/maven-clean-plugin-2.4.1.jar
7c61b000-7c61e000 ---p 00000000 00:00 0 
7c61e000-7c62a000 rw-p 00000000 00:00 0 
7c62a000-7c62e000 r--s 00088000 fd:01 528244     /usr/lib/jvm/jdk1.7.0/jre/lib/jsse.jar
7c62e000-7c631000 ---p 00000000 00:00 0 
7c631000-7c67f000 rw-p 00000000 00:00 0 
7c67f000-7c680000 ---p 00000000 00:00 0 
7c680000-7c700000 rw-p 00000000 00:00 0 
7c700000-7c721000 rw-p 00000000 00:00 0 
7c721000-7c800000 ---p 00000000 00:00 0 
7c800000-7c821000 rw-p 00000000 00:00 0 
7c821000-7c900000 ---p 00000000 00:00 0 
7c900000-7c908000 r--s 00050000 fd:01 797442     /opt/maven/lib/sisu-guice-3.1.0-no_aop.jar
7c908000-7c909000 r--s 00002000 fd:01 797452     /opt/maven/lib/wagon-file-2.2.jar
7c909000-7c91c000 r--s 000af000 fd:01 797448     /opt/maven/lib/wagon-http-2.2-shaded.jar
7c91c000-7c928000 r--s 0007d000 fd:01 797457     /opt/maven/lib/maven-core-3.0.4.jar
7c928000-7c92e000 r--s 0003f000 fd:01 797451     /opt/maven/lib/maven-compat-3.0.4.jar
7c92e000-7c931000 ---p 00000000 00:00 0 
7c931000-7c97f000 rw-p 00000000 00:00 0 
7c97f000-7c980000 ---p 00000000 00:00 0 
7c980000-7ca00000 rw-p 00000000 00:00 0 
7ca00000-7ca21000 rw-p 00000000 00:00 0 
7ca21000-7cb00000 ---p 00000000 00:00 0 
7cb00000-7cb02000 r--s 0000b000 fd:01 797464     /opt/maven/lib/wagon-provider-api-2.2.jar
7cb02000-7cb04000 r--s 0000a000 fd:01 797463     /opt/maven/lib/maven-settings-3.0.4.jar
7cb04000-7cb05000 r--s 0000a000 fd:01 797439     /opt/maven/lib/maven-embedder-3.0.4.jar
7cb05000-7cb08000 r--s 00013000 fd:01 797436     /opt/maven/lib/aether-api-1.13.1.jar
7cb08000-7cb0c000 r--s 0001c000 fd:01 797438     /opt/maven/lib/aether-util-1.13.1.jar
7cb0c000-7cb10000 r--s 00033000 fd:01 797456     /opt/maven/lib/plexus-utils-2.0.6.jar
7cb10000-7cb11000 r--s 00006000 fd:01 797445     /opt/maven/lib/plexus-sec-dispatcher-1.3.jar
7cb11000-7cb18000 r--s 00040000 fd:01 797446     /opt/maven/lib/sisu-inject-bean-2.3.0.jar
7cb18000-7cb37000 r--s 00152000 fd:01 797461     /opt/maven/lib/sisu-guava-0.9.9.jar
7cb37000-7cb39000 r--s 0000b000 fd:01 797434     /opt/maven/lib/maven-artifact-3.0.4.jar
7cb39000-7cb3b000 r--s 00006000 fd:01 797444     /opt/maven/lib/maven-repository-metadata-3.0.4.jar
7cb3b000-7cb3e000 r--s 0001d000 fd:01 797435     /opt/maven/lib/aether-impl-1.13.1.jar
7cb3e000-7cb40000 r--s 00009000 fd:01 797447     /opt/maven/lib/commons-cli-1.2.jar
7cb40000-7cb41000 ---p 00000000 00:00 0 
7cb41000-7cbc1000 rw-p 00000000 00:00 0 
7cbc1000-7cbc2000 ---p 00000000 00:00 0 
7cbc2000-7cc50000 rw-p 00000000 00:00 0 
7cc50000-7cc62000 rw-p 00000000 00:00 0 
7cc62000-7cc7f000 rw-p 00000000 00:00 0 
7cc7f000-7cd74000 rw-p 00000000 00:00 0 
7cd74000-7cd82000 rw-p 00000000 00:00 0 
7cd82000-7cd94000 rw-p 00000000 00:00 0 
7cd94000-7cdb1000 rw-p 00000000 00:00 0 
7cdb1000-7cea6000 rw-p 00000000 00:00 0 
7cea6000-7cf1d000 rw-p 00000000 00:00 0 
7cf1d000-7cf2f000 rw-p 00000000 00:00 0 
7cf2f000-7ea70000 rw-p 00000000 00:00 0 
7ea70000-80f30000 rw-p 00000000 00:00 0 
80f30000-84780000 rw-p 00000000 00:00 0 
84780000-a3330000 rw-p 00000000 00:00 0 
a3330000-b2010000 rw-p 00000000 00:00 0 
b2010000-b4530000 rw-p 00000000 00:00 0 
b4530000-b4531000 r--p 00000000 00:00 0 
b4531000-b4534000 r--s 00008000 fd:01 797458     /opt/maven/lib/maven-settings-builder-3.0.4.jar
b4534000-b4536000 r--s 0000b000 fd:01 797462     /opt/maven/lib/maven-plugin-api-3.0.4.jar
b4536000-b4538000 r--s 00000000 fd:01 797455     /opt/maven/lib/plexus-component-annotations-1.5.5.jar
b4538000-b4548000 rw-p 00000000 00:00 0 
b4548000-b45f8000 rw-p 00000000 00:00 0 
b45f8000-b49e0000 rwxp 00000000 00:00 0 
b49e0000-b75f8000 rw-p 00000000 00:00 0 
b75f8000-b7600000 rw-s 00000000 fd:01 524368     /tmp/hsperfdata_whirlwin/3817
b7600000-b7700000 rw-p 00000000 00:00 0 
b7700000-b7702000 r--s 00006000 fd:01 797460     /opt/maven/lib/aether-connector-wagon-1.13.1.jar
b7702000-b7706000 r--s 00021000 fd:01 797437     /opt/maven/lib/maven-model-builder-3.0.4.jar
b7706000-b7709000 ---p 00000000 00:00 0 
b7709000-b7759000 rw-p 00000000 00:00 0 
b7759000-b775a000 r--s 00003000 fd:01 797459     /opt/maven/lib/aether-spi-1.13.1.jar
b775a000-b775c000 r--s 00026000 fd:01 797441     /opt/maven/lib/maven-model-3.0.4.jar
b775c000-b7762000 r--s 0002c000 fd:01 797443     /opt/maven/lib/sisu-inject-plexus-2.3.0.jar
b7762000-b7764000 r--s 0000c000 fd:01 797440     /opt/maven/lib/maven-aether-provider-3.0.4.jar
b7764000-b7766000 r--s 0000d000 fd:01 797450     /opt/maven/lib/plexus-interpolation-1.14.jar
b7766000-b7768000 r--s 00002000 fd:01 797449     /opt/maven/lib/plexus-cipher-1.7.jar
b7768000-b776a000 r--s 0000a000 fd:01 797466     /opt/maven/boot/plexus-classworlds-2.4.jar
b776a000-b776b000 rw-p 00000000 00:00 0 
b776b000-b776c000 ---p 00000000 00:00 0 
b776c000-b776d000 rw-p 00000000 00:00 0 
bfc5c000-bfc7d000 rw-p 00000000 00:00 0          [stack]

VM Arguments:
jvm_args: -Dclassworlds.conf=/opt/maven/bin/m2.conf -Dmaven.home=/opt/maven 
java_command: org.codehaus.plexus.classworlds.launcher.Launcher clean install -D skipTests
Launcher Type: SUN_STANDARD

Environment Variables:
JAVA_HOME=/usr/lib/jvm/jdk1.7.0
PATH=/usr/local/bin:/usr/bin:/bin:/usr/local/sbin:/usr/sbin:/sbin:/home/whirlwin/.local/bin:/home/whirlwin/bin:/opt/eclipse:/opt/rar:/opt/maven/bin:/opt/glassfish3/glassfish/bin:/opt/tomcat7/bin:/home/whirlwin/.rvm/bin
USERNAME=whirlwin
SHELL=/bin/zsh
DISPLAY=:0

Signal Handlers:
SIGSEGV: [libjvm.so+0x6e2860], sa_mask[0]=0x7ffbfeff, sa_flags=0x10000004
SIGBUS: [libjvm.so+0x6e2860], sa_mask[0]=0x7ffbfeff, sa_flags=0x10000004
SIGFPE: [libjvm.so+0x5a3810], sa_mask[0]=0x7ffbfeff, sa_flags=0x10000004
SIGPIPE: [libjvm.so+0x5a3810], sa_mask[0]=0x7ffbfeff, sa_flags=0x10000004
SIGXFSZ: [libjvm.so+0x5a3810], sa_mask[0]=0x7ffbfeff, sa_flags=0x10000004
SIGILL: [libjvm.so+0x5a3810], sa_mask[0]=0x7ffbfeff, sa_flags=0x10000004
SIGUSR1: SIG_DFL, sa_mask[0]=0x00000000, sa_flags=0x00000000
SIGUSR2: [libjvm.so+0x5a3110], sa_mask[0]=0x00000000, sa_flags=0x10000004
SIGHUP: [libjvm.so+0x5a56e0], sa_mask[0]=0x7ffbfeff, sa_flags=0x10000004
SIGINT: [libjvm.so+0x5a56e0], sa_mask[0]=0x7ffbfeff, sa_flags=0x10000004
SIGTERM: [libjvm.so+0x5a56e0], sa_mask[0]=0x7ffbfeff, sa_flags=0x10000004
SIGQUIT: [libjvm.so+0x5a56e0], sa_mask[0]=0x7ffbfeff, sa_flags=0x10000004


---------------  S Y S T E M  ---------------

OS:Fedora release 16 (Verne)

uname:Linux 3.3.0-4.fc16.i686 #1 SMP Tue Mar 20 18:45:14 UTC 2012 i686
libc:glibc 2.14.90 NPTL 2.14.90 
rlimit: STACK 8192k, CORE 0k, NPROC 1024, NOFILE 4096, AS infinity
load average:0.42 0.20 0.25

/proc/meminfo:
MemTotal:        3363784 kB
MemFree:          195804 kB
Buffers:           46916 kB
Cached:          1179516 kB
SwapCached:         2208 kB
Active:          1773360 kB
Inactive:        1219756 kB
Active(anon):    1202236 kB
Inactive(anon):   607236 kB
Active(file):     571124 kB
Inactive(file):   612520 kB
Unevictable:        3288 kB
Mlocked:            3288 kB
HighTotal:       2502216 kB
HighFree:          61080 kB
LowTotal:         861568 kB
LowFree:          134724 kB
SwapTotal:       5439484 kB
SwapFree:        5427196 kB
Dirty:              3084 kB
Writeback:             0 kB
AnonPages:       1767824 kB
Mapped:           159664 kB
Shmem:             40652 kB
Slab:              81260 kB
SReclaimable:      52336 kB
SUnreclaim:        28924 kB
KernelStack:        4224 kB
PageTables:        10912 kB
NFS_Unstable:          0 kB
Bounce:                0 kB
WritebackTmp:          0 kB
CommitLimit:     7121376 kB
Committed_AS:    4062440 kB
VmallocTotal:     122880 kB
VmallocUsed:       41916 kB
VmallocChunk:      71348 kB
HardwareCorrupted:     0 kB
AnonHugePages:   1142784 kB
HugePages_Total:       0
HugePages_Free:        0
HugePages_Rsvd:        0
HugePages_Surp:        0
Hugepagesize:       4096 kB
DirectMap4k:       12280 kB
DirectMap4M:      892928 kB


CPU:total 4 (4 cores per cpu, 1 threads per core) family 16 model 4 stepping 2, cmov, cx8, fxsr, mmx, sse, sse2, sse3, popcnt, mmxext, 3dnowpref, lzcnt, sse4a

/proc/cpuinfo:
processor	: 0
vendor_id	: AuthenticAMD
cpu family	: 16
model		: 4
model name	: AMD Phenom(tm) II X4 955 Processor
stepping	: 2
microcode	: 0x1000086
cpu MHz		: 3210.917
cache size	: 512 KB
physical id	: 0
siblings	: 4
core id		: 0
cpu cores	: 4
apicid		: 0
initial apicid	: 0
fdiv_bug	: no
hlt_bug		: no
f00f_bug	: no
coma_bug	: no
fpu		: yes
fpu_exception	: yes
cpuid level	: 5
wp		: yes
flags		: fpu vme de pse tsc msr pae mce cx8 apic mtrr pge mca cmov pat pse36 clflush mmx fxsr sse sse2 ht syscall nx mmxext fxsr_opt pdpe1gb rdtscp lm 3dnowext 3dnow constant_tsc nonstop_tsc extd_apicid pni monitor cx16 popcnt lahf_lm cmp_legacy svm extapic cr8_legacy abm sse4a misalignsse 3dnowprefetch osvw ibs skinit wdt npt lbrv svm_lock nrip_save
bogomips	: 6421.83
clflush size	: 64
cache_alignment	: 64
address sizes	: 48 bits physical, 48 bits virtual
power management: ts ttp tm stc 100mhzsteps hwpstate

processor	: 1
vendor_id	: AuthenticAMD
cpu family	: 16
model		: 4
model name	: AMD Phenom(tm) II X4 955 Processor
stepping	: 2
microcode	: 0x1000086
cpu MHz		: 3210.917
cache size	: 512 KB
physical id	: 0
siblings	: 4
core id		: 1
cpu cores	: 4
apicid		: 1
initial apicid	: 1
fdiv_bug	: no
hlt_bug		: no
f00f_bug	: no
coma_bug	: no
fpu		: yes
fpu_exception	: yes
cpuid level	: 5
wp		: yes
flags		: fpu vme de pse tsc msr pae mce cx8 apic mtrr pge mca cmov pat pse36 clflush mmx fxsr sse sse2 ht syscall nx mmxext fxsr_opt pdpe1gb rdtscp lm 3dnowext 3dnow constant_tsc nonstop_tsc extd_apicid pni monitor cx16 popcnt lahf_lm cmp_legacy svm extapic cr8_legacy abm sse4a misalignsse 3dnowprefetch osvw ibs skinit wdt npt lbrv svm_lock nrip_save
bogomips	: 6421.83
clflush size	: 64
cache_alignment	: 64
address sizes	: 48 bits physical, 48 bits virtual
power management: ts ttp tm stc 100mhzsteps hwpstate

processor	: 2
vendor_id	: AuthenticAMD
cpu family	: 16
model		: 4
model name	: AMD Phenom(tm) II X4 955 Processor
stepping	: 2
microcode	: 0x1000086
cpu MHz		: 3210.917
cache size	: 512 KB
physical id	: 0
siblings	: 4
core id		: 2
cpu cores	: 4
apicid		: 2
initial apicid	: 2
fdiv_bug	: no
hlt_bug		: no
f00f_bug	: no
coma_bug	: no
fpu		: yes
fpu_exception	: yes
cpuid level	: 5
wp		: yes
flags		: fpu vme de pse tsc msr pae mce cx8 apic mtrr pge mca cmov pat pse36 clflush mmx fxsr sse sse2 ht syscall nx mmxext fxsr_opt pdpe1gb rdtscp lm 3dnowext 3dnow constant_tsc nonstop_tsc extd_apicid pni monitor cx16 popcnt lahf_lm cmp_legacy svm extapic cr8_legacy abm sse4a misalignsse 3dnowprefetch osvw ibs skinit wdt npt lbrv svm_lock nrip_save
bogomips	: 6421.83
clflush size	: 64
cache_alignment	: 64
address sizes	: 48 bits physical, 48 bits virtual
power management: ts ttp tm stc 100mhzsteps hwpstate

processor	: 3
vendor_id	: AuthenticAMD
cpu family	: 16
model		: 4
model name	: AMD Phenom(tm) II X4 955 Processor
stepping	: 2
microcode	: 0x1000086
cpu MHz		: 3210.917
cache size	: 512 KB
physical id	: 0
siblings	: 4
core id		: 3
cpu cores	: 4
apicid		: 3
initial apicid	: 3
fdiv_bug	: no
hlt_bug		: no
f00f_bug	: no
coma_bug	: no
fpu		: yes
fpu_exception	: yes
cpuid level	: 5
wp		: yes
flags		: fpu vme de pse tsc msr pae mce cx8 apic mtrr pge mca cmov pat pse36 clflush mmx fxsr sse sse2 ht syscall nx mmxext fxsr_opt pdpe1gb rdtscp lm 3dnowext 3dnow constant_tsc nonstop_tsc extd_apicid pni monitor cx16 popcnt lahf_lm cmp_legacy svm extapic cr8_legacy abm sse4a misalignsse 3dnowprefetch osvw ibs skinit wdt npt lbrv svm_lock nrip_save
bogomips	: 6421.83
clflush size	: 64
cache_alignment	: 64
address sizes	: 48 bits physical, 48 bits virtual
power management: ts ttp tm stc 100mhzsteps hwpstate



Memory: 4k page, physical 3363784k(195804k free), swap 5439484k(5427196k free)

vm_info: Java HotSpot(TM) Server VM (22.1-b02) for linux-x86 JRE (1.7.0_03-b04), built on Jan 20 2012 10:08:12 by "java_re" with gcc 4.3.0 20080428 (Red Hat 4.3.0-8)

time: Wed Apr 25 20:18:48 2012
elapsed time: 7 seconds

